<?xml version="1.0" encoding="UTF-8"?>
<testsuites>
  <testsuite name="BackstopJS" tests="6" failures="2" errors="2" skipped="0">
    <testcase classname="document" name=" ›› /"/>
    <testcase classname="document" name=" ›› /"/>
    <testcase classname="document" name=" ›› /"/>
    <testcase classname="document" name=" ›› /get-started">
      <failure message="Design deviation ›› /get-started (document) component"/>
      <error message="Design deviation ›› /get-started (document) component"/>
    </testcase>
    <testcase classname="document" name=" ›› /get-started"/>
    <testcase classname="document" name=" ›› /get-started">
      <failure message="Design deviation ›› /get-started (document) component"/>
      <error message="Design deviation ›› /get-started (document) component"/>
    </testcase>
  </testsuite>
</testsuites>